2025-05-01 15:05:30 gui.dashboard_window [INFO] MainWindow initialized for admin
2025-05-01 15:10:48 gui.dashboard_window [INFO] MainWindow initialized for admin
2025-05-01 15:11:58 gui.dashboard_window [INFO] MainWindow initialized for admin
2025-05-01 15:12:29 gui.dashboard_window [INFO] MainWindow initialized for admin
2025-05-01 15:12:41 gui.dashboard_window [INFO] Switching to admin
2025-05-01 15:12:41 gui.dashboard_window [INFO] MainWindow initialized for admin
2025-05-01 15:13:08 gui.dashboard_window [INFO] MainWindow initialized for librarian
2025-05-01 15:23:38 gui.dashboard_window [INFO] MainWindow initialized for admin
2025-05-01 15:26:24 gui.dashboard_window [INFO] MainWindow initialized for librarian
2025-05-01 15:26:51 gui.dashboard_window [INFO] MainWindow initialized for librarian
2025-05-01 15:28:16 gui.dashboard_window [INFO] MainWindow initialized for admin
2025-05-01 15:30:56 gui.dashboard_window [INFO] MainWindow initialized for admin
2025-05-01 15:31:27 gui.dashboard_window [INFO] MainWindow initialized for 2
2025-05-01 15:33:18 gui.dashboard_window [INFO] MainWindow initialized for 1
2025-05-01 15:34:57 gui.dashboard_window [INFO] MainWindow initialized for 2
2025-05-01 15:37:18 gui.dashboard_window [INFO] MainWindow initialized for admin
2025-05-01 15:37:57 gui.dashboard_window [INFO] MainWindow initialized for admin
2025-05-01 15:38:15 gui.dashboard_window [INFO] MainWindow initialized for librarian
2025-05-01 15:39:14 gui.dashboard_window [INFO] MainWindow initialized for 1
2025-05-01 15:43:10 gui.dashboard_window [INFO] MainWindow initialized for 1
2025-05-01 15:43:26 gui.dashboard_window [INFO] MainWindow initialized for 1
2025-05-01 15:43:44 gui.dashboard_window [INFO] MainWindow initialized for 1
2025-05-01 15:45:33 gui.dashboard_window [INFO] MainWindow initialized for 1
2025-05-01 15:45:57 gui.dashboard_window [INFO] MainWindow initialized for admin
2025-05-01 15:46:25 gui.dashboard_window [INFO] MainWindow initialized for librarian
2025-05-01 15:57:55 gui.dashboard_window [INFO] MainWindow initialized for librarian
2025-05-01 15:58:57 gui.dashboard_window [INFO] MainWindow initialized for 1
2025-05-01 15:59:03 gui.dashboard_window [INFO] MainWindow initialized for 3
2025-05-01 15:59:36 gui.dashboard_window [INFO] MainWindow initialized for 2
2025-05-01 15:59:51 gui.dashboard_window [INFO] MainWindow initialized for 1
2025-05-01 16:02:10 gui.dashboard_window [INFO] MainWindow initialized for librarian
2025-05-01 16:03:14 gui.dashboard_window [INFO] MainWindow initialized for 1
2025-05-01 16:03:30 gui.dashboard_window [INFO] MainWindow initialized for 2
2025-05-01 16:07:12 gui.dashboard_window [INFO] MainWindow initialized for 1
2025-05-01 16:07:35 gui.dashboard_window [INFO] MainWindow initialized for 2
2025-05-01 16:09:08 gui.dashboard_window [INFO] MainWindow initialized for 1
2025-05-01 16:12:24 gui.dashboard_window [INFO] MainWindow initialized for 1
2025-05-01 16:13:49 gui.dashboard_window [INFO] MainWindow initialized for 2
2025-05-01 16:15:33 gui.dashboard_window [INFO] MainWindow initialized for 1
2025-05-01 16:15:47 gui.dashboard_window [INFO] MainWindow initialized for 2
2025-05-01 16:16:36 gui.dashboard_window [INFO] MainWindow initialized for 1
2025-05-01 16:17:27 gui.dashboard_window [INFO] MainWindow initialized for 2
2025-05-01 16:20:46 gui.dashboard_window [INFO] MainWindow initialized for 2
2025-05-01 16:21:49 gui.dashboard_window [INFO] MainWindow initialized for 1
2025-05-01 16:22:14 gui.dashboard_window [INFO] MainWindow initialized for 2
2025-05-01 16:25:06 gui.dashboard_window [INFO] MainWindow initialized for 2
2025-05-01 16:26:50 gui.dashboard_window [INFO] MainWindow initialized for 1
2025-05-01 16:28:26 gui.dashboard_window [INFO] MainWindow initialized for 2
2025-05-01 16:29:23 gui.dashboard_window [INFO] MainWindow initialized for 2
2025-05-01 16:31:28 gui.dashboard_window [INFO] MainWindow initialized for 1
2025-05-01 16:38:10 gui.dashboard_window [INFO] MainWindow initialized for 2
2025-05-01 16:39:30 gui.dashboard_window [INFO] MainWindow initialized for 2
2025-05-01 16:42:17 gui.dashboard_window [INFO] MainWindow initialized for 1
2025-05-01 16:43:47 gui.dashboard_window [INFO] MainWindow initialized for 1
2025-05-01 16:44:00 gui.dashboard_window [INFO] MainWindow initialized for 2
2025-05-01 16:45:30 gui.dashboard_window [INFO] MainWindow initialized for 2
2025-05-01 16:46:56 gui.dashboard_window [INFO] MainWindow initialized for 2
2025-05-01 16:54:14 gui.dashboard_window [INFO] MainWindow initialized for 2
2025-05-01 16:56:29 gui.dashboard_window [INFO] MainWindow initialized for 2
2025-05-01 16:57:41 gui.dashboard_window [INFO] MainWindow initialized for 2
2025-05-01 16:59:23 gui.dashboard_window [INFO] MainWindow initialized for 2
2025-05-01 16:59:47 gui.dashboard_window [INFO] MainWindow initialized for 2
2025-05-01 17:01:26 gui.dashboard_window [INFO] MainWindow initialized for admin
2025-05-01 17:01:55 gui.dashboard_window [INFO] MainWindow initialized for 2
2025-05-01 18:21:35 gui.dashboard_window [INFO] MainWindow initialized for 2
2025-05-01 18:24:02 gui.dashboard_window [INFO] MainWindow initialized for librarian
2025-05-01 18:50:52 gui.dashboard_window [INFO] MainWindow initialized for librarian
2025-05-01 18:56:50 gui.dashboard_window [INFO] MainWindow initialized for 2
2025-05-01 19:02:37 gui.dashboard_window [INFO] MainWindow initialized for 2
2025-05-01 19:04:03 gui.dashboard_window [INFO] MainWindow initialized for 2
2025-05-01 19:04:24 gui.dashboard_window [INFO] MainWindow initialized for 1
2025-05-01 19:04:58 gui.dashboard_window [INFO] MainWindow initialized for 1
2025-05-01 19:05:58 gui.dashboard_window [INFO] MainWindow initialized for 2
2025-05-01 19:08:02 gui.dashboard_window [INFO] MainWindow initialized for 1
2025-05-01 19:08:44 gui.dashboard_window [INFO] MainWindow initialized for 2
2025-05-01 19:08:59 gui.dashboard_window [INFO] MainWindow initialized for 3
2025-05-01 19:09:14 gui.dashboard_window [INFO] MainWindow initialized for 2
2025-05-01 19:11:35 gui.dashboard_window [INFO] MainWindow initialized for 2
2025-05-01 19:19:16 gui.dashboard_window [INFO] MainWindow initialized for 2
2025-05-01 19:27:06 gui.dashboard_window [INFO] MainWindow initialized for 2
2025-05-02 14:56:20 gui.dashboard_window [INFO] MainWindow initialized for 2
2025-05-04 23:45:11 gui.dashboard_window [INFO] MainWindow initialized for librarian
2025-05-04 23:55:00 gui.dashboard_window [INFO] MainWindow initialized for librarian
2025-05-05 00:04:19 gui.dashboard_window [INFO] MainWindow initialized for librarian
2025-05-05 00:05:15 gui.dashboard_window [INFO] Switching to 1
2025-05-05 00:05:15 gui.dashboard_window [INFO] MainWindow initialized for 1
2025-05-05 00:05:23 gui.dashboard_window [INFO] MainWindow initialized for 1
2025-05-05 00:05:44 gui.dashboard_window [INFO] MainWindow initialized for 2
2025-05-05 00:11:10 gui.dashboard_window [INFO] MainWindow initialized for 2
2025-05-05 00:13:15 gui.dashboard_window [INFO] MainWindow initialized for 2
2025-05-05 00:15:09 gui.dashboard_window [INFO] MainWindow initialized for 2
2025-05-05 00:15:16 gui.dashboard_window [INFO] MainWindow initialized for 2
2025-05-05 00:15:33 gui.dashboard_window [INFO] MainWindow initialized for 2
2025-05-05 00:16:25 gui.dashboard_window [INFO] MainWindow initialized for 2
2025-05-05 00:17:52 gui.dashboard_window [INFO] MainWindow initialized for 2
2025-05-05 00:19:49 gui.dashboard_window [INFO] MainWindow initialized for 2
2025-05-05 00:21:08 gui.dashboard_window [INFO] MainWindow initialized for 2
2025-05-05 00:21:55 gui.dashboard_window [INFO] MainWindow initialized for 2
2025-05-05 00:22:13 gui.dashboard_window [INFO] MainWindow initialized for 2
2025-05-05 00:23:03 gui.dashboard_window [INFO] MainWindow initialized for 2
2025-05-05 00:23:21 gui.dashboard_window [INFO] MainWindow initialized for 2
2025-05-05 00:24:10 gui.dashboard_window [INFO] MainWindow initialized for 2
2025-05-05 00:25:03 gui.dashboard_window [INFO] MainWindow initialized for 2
2025-05-05 00:27:16 gui.dashboard_window [INFO] MainWindow initialized for 2
2025-05-05 00:27:49 gui.dashboard_window [INFO] MainWindow initialized for 2
2025-05-05 00:30:52 gui.dashboard_window [INFO] MainWindow initialized for 2
2025-05-05 00:33:45 gui.dashboard_window [INFO] MainWindow initialized for 2
2025-05-05 00:35:44 gui.dashboard_window [INFO] MainWindow initialized for 1
2025-05-05 00:36:02 gui.dashboard_window [INFO] MainWindow initialized for 2
2025-05-05 00:37:48 gui.dashboard_window [INFO] MainWindow initialized for 1
2025-05-05 00:38:03 gui.dashboard_window [INFO] MainWindow initialized for 2
2025-05-05 00:38:12 gui.dashboard_window [INFO] MainWindow initialized for 1
2025-05-05 00:38:29 gui.dashboard_window [INFO] MainWindow initialized for 2
2025-05-05 00:39:18 gui.dashboard_window [INFO] MainWindow initialized for 1
2025-05-05 00:39:46 gui.dashboard_window [INFO] MainWindow initialized for 2
2025-05-05 00:42:42 gui.dashboard_window [INFO] MainWindow initialized for 1
2025-05-05 00:43:03 gui.dashboard_window [INFO] MainWindow initialized for 1
2025-05-05 00:43:09 gui.dashboard_window [INFO] MainWindow initialized for 2
2025-05-05 00:44:41 gui.dashboard_window [INFO] MainWindow initialized for 1
2025-05-05 00:45:03 gui.dashboard_window [INFO] MainWindow initialized for 1
2025-05-05 00:45:16 gui.dashboard_window [INFO] MainWindow initialized for 2
2025-05-05 00:49:26 gui.dashboard_window [INFO] MainWindow initialized for 2
2025-05-05 00:50:23 gui.dashboard_window [INFO] MainWindow initialized for 1
2025-05-05 00:50:42 gui.dashboard_window [INFO] MainWindow initialized for 2
2025-05-05 00:52:43 gui.dashboard_window [INFO] MainWindow initialized for 1
2025-05-05 00:52:50 gui.dashboard_window [INFO] MainWindow initialized for 2
2025-05-05 00:58:58 gui.dashboard_window [INFO] MainWindow initialized for 1
2025-05-05 00:59:31 gui.dashboard_window [INFO] MainWindow initialized for 2
2025-05-05 01:08:56 gui.dashboard_window [INFO] MainWindow initialized for 2
2025-05-05 01:10:30 gui.dashboard_window [INFO] MainWindow initialized for 1
2025-05-05 01:10:49 gui.dashboard_window [INFO] MainWindow initialized for 2
2025-05-05 01:11:06 gui.dashboard_window [INFO] MainWindow initialized for 1
2025-05-05 01:11:53 gui.dashboard_window [INFO] MainWindow initialized for 2
2025-05-05 01:12:55 gui.dashboard_window [INFO] MainWindow initialized for 2
2025-05-05 01:13:40 gui.dashboard_window [INFO] MainWindow initialized for 2
2025-05-05 01:14:25 gui.dashboard_window [INFO] MainWindow initialized for 1
2025-05-05 01:14:40 gui.dashboard_window [INFO] MainWindow initialized for 2
2025-05-05 01:15:12 gui.dashboard_window [INFO] MainWindow initialized for 1
2025-05-05 01:15:31 gui.dashboard_window [INFO] MainWindow initialized for 1
2025-05-05 01:15:39 gui.dashboard_window [INFO] MainWindow initialized for 2
2025-05-05 01:19:33 gui.dashboard_window [INFO] MainWindow initialized for 2
2025-05-05 01:20:01 gui.dashboard_window [INFO] MainWindow initialized for 2
2025-05-05 01:20:48 gui.dashboard_window [INFO] MainWindow initialized for 2
2025-05-05 01:24:55 gui.dashboard_window [INFO] MainWindow initialized for 2
2025-05-05 01:25:00 gui.dashboard_window [INFO] MainWindow initialized for 1
2025-05-05 01:26:12 gui.dashboard_window [INFO] MainWindow initialized for 2
2025-05-05 01:26:16 gui.dashboard_window [INFO] MainWindow initialized for 1
2025-05-05 01:32:12 gui.dashboard_window [INFO] MainWindow initialized for 2
2025-05-05 01:32:15 gui.dashboard_window [INFO] MainWindow initialized for 1
2025-05-05 01:33:18 gui.dashboard_window [INFO] MainWindow initialized for 2
2025-05-05 01:33:21 gui.dashboard_window [INFO] MainWindow initialized for 1
2025-05-05 01:33:30 gui.dashboard_window [INFO] MainWindow initialized for 2
2025-05-05 01:34:40 gui.dashboard_window [INFO] MainWindow initialized for 2
2025-05-05 01:34:43 gui.dashboard_window [INFO] MainWindow initialized for 1
2025-05-05 01:34:46 gui.dashboard_window [INFO] MainWindow initialized for 2
2025-05-05 01:36:13 gui.dashboard_window [INFO] MainWindow initialized for 2
2025-05-05 01:36:17 gui.dashboard_window [INFO] MainWindow initialized for 1
2025-05-05 01:36:48 gui.dashboard_window [INFO] MainWindow initialized for 2
2025-05-05 01:37:25 gui.dashboard_window [INFO] MainWindow initialized for 1
2025-05-05 01:37:41 gui.dashboard_window [INFO] MainWindow initialized for 2
2025-05-05 01:38:10 gui.dashboard_window [INFO] MainWindow initialized for 1
2025-05-05 01:38:21 gui.dashboard_window [INFO] MainWindow initialized for 2
2025-05-05 01:38:46 gui.dashboard_window [INFO] MainWindow initialized for 2
2025-05-05 01:38:49 gui.dashboard_window [INFO] MainWindow initialized for 1
2025-05-05 01:39:16 gui.dashboard_window [INFO] MainWindow initialized for 2
2025-05-05 01:39:41 gui.dashboard_window [INFO] MainWindow initialized for 1
2025-05-05 01:39:53 gui.dashboard_window [INFO] MainWindow initialized for 2
2025-05-05 01:40:02 gui.dashboard_window [INFO] MainWindow initialized for 1
2025-05-05 01:40:17 gui.dashboard_window [INFO] MainWindow initialized for 2
2025-05-05 01:41:10 gui.dashboard_window [INFO] MainWindow initialized for 1
2025-05-05 01:41:19 gui.dashboard_window [INFO] MainWindow initialized for 2
2025-05-05 01:41:38 gui.dashboard_window [INFO] MainWindow initialized for 2
2025-05-05 01:42:28 gui.dashboard_window [INFO] MainWindow initialized for 1
2025-05-05 01:42:52 gui.dashboard_window [INFO] MainWindow initialized for 2
2025-05-05 01:44:09 gui.dashboard_window [INFO] MainWindow initialized for 1
2025-05-05 01:44:16 gui.dashboard_window [INFO] MainWindow initialized for 2
2025-05-05 01:45:40 gui.dashboard_window [INFO] MainWindow initialized for 1
2025-05-05 01:45:49 gui.dashboard_window [INFO] MainWindow initialized for 2
2025-05-05 01:46:57 gui.dashboard_window [INFO] MainWindow initialized for 2
2025-05-05 01:50:38 gui.dashboard_window [INFO] MainWindow initialized for 2
2025-05-05 01:50:52 gui.dashboard_window [INFO] MainWindow initialized for 2
2025-05-05 01:50:55 gui.dashboard_window [INFO] MainWindow initialized for 2
2025-05-05 01:58:23 gui.dashboard_window [INFO] MainWindow initialized for 2
2025-05-05 01:58:31 gui.dashboard_window [INFO] MainWindow initialized for 2
2025-05-05 01:58:58 gui.dashboard_window [INFO] MainWindow initialized for 2
2025-05-05 01:59:38 gui.dashboard_window [INFO] MainWindow initialized for 2
2025-05-05 02:00:25 gui.dashboard_window [INFO] MainWindow initialized for 2
2025-05-05 02:01:09 gui.dashboard_window [INFO] MainWindow initialized for 2
2025-05-05 02:01:37 gui.dashboard_window [INFO] MainWindow initialized for 2
2025-05-05 02:12:16 gui.dashboard_window [INFO] MainWindow initialized for 2
2025-05-05 02:12:23 gui.dashboard_window [INFO] MainWindow initialized for 1
2025-05-05 02:12:54 gui.dashboard_window [INFO] MainWindow initialized for 2
2025-05-05 02:14:18 gui.dashboard_window [INFO] MainWindow initialized for 2
2025-05-05 02:25:16 gui.dashboard_window [INFO] MainWindow initialized for 2
2025-05-05 02:27:01 gui.dashboard_window [INFO] MainWindow initialized for 2
2025-05-05 02:27:39 gui.dashboard_window [INFO] MainWindow initialized for 2
2025-05-05 02:28:39 gui.dashboard_window [INFO] MainWindow initialized for 2
2025-05-05 02:29:29 gui.dashboard_window [INFO] MainWindow initialized for 1
2025-05-05 02:29:41 gui.dashboard_window [INFO] MainWindow initialized for 2
2025-05-05 02:31:08 gui.dashboard_window [INFO] MainWindow initialized for 1
2025-05-05 02:31:36 gui.dashboard_window [INFO] MainWindow initialized for 2
2025-05-05 02:34:50 gui.dashboard_window [INFO] MainWindow initialized for 1
2025-05-05 02:35:33 gui.dashboard_window [INFO] MainWindow initialized for 1
2025-05-05 02:35:45 gui.dashboard_window [INFO] MainWindow initialized for 2
2025-05-05 02:36:40 gui.dashboard_window [INFO] MainWindow initialized for 1
2025-05-05 02:36:59 gui.dashboard_window [INFO] MainWindow initialized for 2
2025-05-05 02:38:09 gui.dashboard_window [INFO] MainWindow initialized for 1
2025-05-05 02:38:18 gui.dashboard_window [INFO] MainWindow initialized for 2
2025-05-05 03:11:20 gui.dashboard_window [INFO] MainWindow initialized for 1
2025-05-05 03:11:31 gui.dashboard_window [INFO] MainWindow initialized for 2
2025-05-05 03:12:26 gui.dashboard_window [INFO] MainWindow initialized for 2
2025-05-05 03:12:49 gui.dashboard_window [INFO] MainWindow initialized for 1
2025-05-05 03:14:40 gui.dashboard_window [INFO] MainWindow initialized for 1
2025-05-05 03:14:46 gui.dashboard_window [INFO] MainWindow initialized for 2
2025-05-05 03:15:29 gui.dashboard_window [INFO] MainWindow initialized for 2
2025-05-05 03:17:14 gui.dashboard_window [INFO] MainWindow initialized for 2
2025-05-05 03:17:31 gui.dashboard_window [INFO] MainWindow initialized for 1
2025-05-05 03:17:48 gui.dashboard_window [INFO] MainWindow initialized for 2
2025-05-05 03:19:25 gui.dashboard_window [INFO] MainWindow initialized for 1
2025-05-05 03:20:01 gui.dashboard_window [INFO] MainWindow initialized for 2
2025-05-05 03:20:27 gui.dashboard_window [INFO] MainWindow initialized for 1
2025-05-05 03:22:16 gui.dashboard_window [INFO] MainWindow initialized for 2
2025-05-05 03:23:36 gui.dashboard_window [INFO] MainWindow initialized for 2
2025-05-05 03:24:51 gui.dashboard_window [INFO] MainWindow initialized for 2
2025-05-05 03:26:17 gui.dashboard_window [INFO] MainWindow initialized for 2
2025-05-05 03:30:30 gui.dashboard_window [INFO] MainWindow initialized for 2
2025-05-05 03:31:23 gui.dashboard_window [INFO] MainWindow initialized for 2
2025-05-05 03:32:24 gui.dashboard_window [INFO] MainWindow initialized for 2
2025-05-05 03:33:12 gui.dashboard_window [INFO] MainWindow initialized for 2
2025-05-05 03:34:16 gui.dashboard_window [INFO] MainWindow initialized for 2
2025-05-05 03:35:18 gui.dashboard_window [INFO] MainWindow initialized for 2
2025-05-05 03:35:32 gui.dashboard_window [INFO] MainWindow initialized for 2
2025-05-05 03:38:13 gui.dashboard_window [INFO] MainWindow initialized for 2
2025-05-05 03:38:33 gui.dashboard_window [INFO] MainWindow initialized for 2
2025-05-05 03:38:52 gui.dashboard_window [INFO] MainWindow initialized for 2
2025-05-05 03:39:23 gui.dashboard_window [INFO] MainWindow initialized for 2
2025-05-05 03:39:45 gui.dashboard_window [INFO] MainWindow initialized for 2
2025-05-05 03:42:52 gui.dashboard_window [INFO] MainWindow initialized for 2
2025-05-05 03:43:23 gui.dashboard_window [INFO] MainWindow initialized for 1
2025-05-05 18:43:11 gui.dashboard_window [INFO] MainWindow initialized for 2
2025-05-05 18:49:42 gui.dashboard_window [INFO] MainWindow initialized for 2
2025-05-05 19:01:54 gui.dashboard_window [INFO] MainWindow initialized for 2
2025-05-05 19:03:21 gui.dashboard_window [INFO] MainWindow initialized for 2
2025-05-05 19:04:54 gui.dashboard_window [INFO] MainWindow initialized for 2
2025-05-05 19:05:59 gui.dashboard_window [INFO] MainWindow initialized for 2
